Start testing: May 14 16:32 BST
----------------------------------------------------------
1/4 Testing: linintegTest.TestTupleElements/("../data/star.mesh", 1)
1/4 Test: linintegTest.TestTupleElements/("../data/star.mesh", 1)
Command: "/home/david/dev/mfemElasticity/serial_build/tests/Testlininteg" "--gtest_filter=linintegTest.TestTupleElements/0" "--gtest_also_run_disabled_tests"
Directory: /home/david/dev/mfemElasticity/serial_build/tests
"linintegTest.TestTupleElements/("../data/star.mesh", 1)" start time: May 14 16:32 BST
Output:
----------------------------------------------------------
Note: Google Test filter = linintegTest.TestTupleElements/0
[==========] Running 1 test from 1 test suite.
[----------] Global test environment set-up.
[----------] 1 test from linintegTest
[ RUN      ] linintegTest.TestTupleElements/0
[       OK ] linintegTest.TestTupleElements/0 (3 ms)
[----------] 1 test from linintegTest (3 ms total)

[----------] Global test environment tear-down
[==========] 1 test from 1 test suite ran. (3 ms total)
[  PASSED  ] 1 test.
<end of output>
Test time =   0.01 sec
----------------------------------------------------------
Test Passed.
"linintegTest.TestTupleElements/("../data/star.mesh", 1)" end time: May 14 16:32 BST
"linintegTest.TestTupleElements/("../data/star.mesh", 1)" time elapsed: 00:00:00
----------------------------------------------------------

2/4 Testing: linintegTest.TestTupleElements/("../data/star.mesh", 2)
2/4 Test: linintegTest.TestTupleElements/("../data/star.mesh", 2)
Command: "/home/david/dev/mfemElasticity/serial_build/tests/Testlininteg" "--gtest_filter=linintegTest.TestTupleElements/1" "--gtest_also_run_disabled_tests"
Directory: /home/david/dev/mfemElasticity/serial_build/tests
"linintegTest.TestTupleElements/("../data/star.mesh", 2)" start time: May 14 16:32 BST
Output:
----------------------------------------------------------
Note: Google Test filter = linintegTest.TestTupleElements/1
[==========] Running 1 test from 1 test suite.
[----------] Global test environment set-up.
[----------] 1 test from linintegTest
[ RUN      ] linintegTest.TestTupleElements/1
[       OK ] linintegTest.TestTupleElements/1 (6 ms)
[----------] 1 test from linintegTest (6 ms total)

[----------] Global test environment tear-down
[==========] 1 test from 1 test suite ran. (6 ms total)
[  PASSED  ] 1 test.
<end of output>
Test time =   0.01 sec
----------------------------------------------------------
Test Passed.
"linintegTest.TestTupleElements/("../data/star.mesh", 2)" end time: May 14 16:32 BST
"linintegTest.TestTupleElements/("../data/star.mesh", 2)" time elapsed: 00:00:00
----------------------------------------------------------

3/4 Testing: linintegTest.TestTupleElements/("../data/fichera.mesh", 1)
3/4 Test: linintegTest.TestTupleElements/("../data/fichera.mesh", 1)
Command: "/home/david/dev/mfemElasticity/serial_build/tests/Testlininteg" "--gtest_filter=linintegTest.TestTupleElements/2" "--gtest_also_run_disabled_tests"
Directory: /home/david/dev/mfemElasticity/serial_build/tests
"linintegTest.TestTupleElements/("../data/fichera.mesh", 1)" start time: May 14 16:32 BST
Output:
----------------------------------------------------------
Note: Google Test filter = linintegTest.TestTupleElements/2
[==========] Running 1 test from 1 test suite.
[----------] Global test environment set-up.
[----------] 1 test from linintegTest
[ RUN      ] linintegTest.TestTupleElements/2
[       OK ] linintegTest.TestTupleElements/2 (23 ms)
[----------] 1 test from linintegTest (23 ms total)

[----------] Global test environment tear-down
[==========] 1 test from 1 test suite ran. (23 ms total)
[  PASSED  ] 1 test.
<end of output>
Test time =   0.03 sec
----------------------------------------------------------
Test Passed.
"linintegTest.TestTupleElements/("../data/fichera.mesh", 1)" end time: May 14 16:32 BST
"linintegTest.TestTupleElements/("../data/fichera.mesh", 1)" time elapsed: 00:00:00
----------------------------------------------------------

4/4 Testing: linintegTest.TestTupleElements/("../data/fichera.mesh", 2)
4/4 Test: linintegTest.TestTupleElements/("../data/fichera.mesh", 2)
Command: "/home/david/dev/mfemElasticity/serial_build/tests/Testlininteg" "--gtest_filter=linintegTest.TestTupleElements/3" "--gtest_also_run_disabled_tests"
Directory: /home/david/dev/mfemElasticity/serial_build/tests
"linintegTest.TestTupleElements/("../data/fichera.mesh", 2)" start time: May 14 16:32 BST
Output:
----------------------------------------------------------
Note: Google Test filter = linintegTest.TestTupleElements/3
[==========] Running 1 test from 1 test suite.
[----------] Global test environment set-up.
[----------] 1 test from linintegTest
[ RUN      ] linintegTest.TestTupleElements/3
[       OK ] linintegTest.TestTupleElements/3 (29 ms)
[----------] 1 test from linintegTest (29 ms total)

[----------] Global test environment tear-down
[==========] 1 test from 1 test suite ran. (29 ms total)
[  PASSED  ] 1 test.
<end of output>
Test time =   0.03 sec
----------------------------------------------------------
Test Passed.
"linintegTest.TestTupleElements/("../data/fichera.mesh", 2)" end time: May 14 16:32 BST
"linintegTest.TestTupleElements/("../data/fichera.mesh", 2)" time elapsed: 00:00:00
----------------------------------------------------------

End testing: May 14 16:32 BST
